<?xml version="1.0" encoding="UTF-8"?>
<!-- Generated by org.testng.reporters.JUnitReportReporter -->
<testsuite hostname="DESKTOP-CJEQOGK" failures="0" tests="2" name="in.amazon.tests.Testng" time="0.012" errors="0" timestamp="2024-10-06T14:43:53 IST" skipped="0">
  <testcase classname="in.amazon.tests.Testng" name="testcase" time="0.009"/>
  <system-out/>
  <testcase classname="in.amazon.tests.Testng" name="testcase2" time="0.003"/>
  <system-out/>
</testsuite> <!-- in.amazon.tests.Testng -->
