<?xml version="1.0" encoding="UTF-8"?>
<!-- Generated by org.testng.reporters.JUnitReportReporter -->
<testsuite hostname="DESKTOP-CJEQOGK" failures="0" tests="2" name="in.amazon.tests.TestClass" time="318.248" errors="0" timestamp="2024-10-03T19:43:25 IST" skipped="0">
  <testcase classname="in.amazon.tests.TestClass" name="addToCart" time="158.465"/>
  <system-out/>
  <testcase classname="in.amazon.tests.TestClass" name="removeItem" time="159.783"/>
  <system-out/>
</testsuite> <!-- in.amazon.tests.TestClass -->
